2025-07-04T18:03:46.184+05:30  INFO 9792 --- [encrypt-decrypt-backend] [main] c.v.e.EncryptDecryptBackendApplication   : Starting EncryptDecryptBackendApplication using Java 21.0.5 with PID 9792 (C:\Users\vinam\Downloads\echocrpyt python project (3) (1)\echocrpyt python project\encrypt-decrypt-backend\target\classes started by vinam in C:\Users\vinam\Downloads\echocrpyt python project (3) (1))
2025-07-04T18:03:46.207+05:30 DEBUG 9792 --- [encrypt-decrypt-backend] [main] c.v.e.EncryptDecryptBackendApplication   : Running with Spring Boot v3.4.4, Spring v6.2.5
2025-07-04T18:03:46.217+05:30  INFO 9792 --- [encrypt-decrypt-backend] [main] c.v.e.EncryptDecryptBackendApplication   : No active profile set, falling back to 1 default profile: "default"
2025-07-04T18:03:49.728+05:30  INFO 9792 --- [encrypt-decrypt-backend] [main] .s.d.r.c.RepositoryConfigurationDelegate : Bootstrapping Spring Data JPA repositories in DEFAULT mode.
2025-07-04T18:03:50.038+05:30  INFO 9792 --- [encrypt-decrypt-backend] [main] .s.d.r.c.RepositoryConfigurationDelegate : Finished Spring Data repository scanning in 225 ms. Found 2 JPA repository interfaces.
2025-07-04T18:03:52.165+05:30  INFO 9792 --- [encrypt-decrypt-backend] [main] o.s.b.w.embedded.tomcat.TomcatWebServer  : Tomcat initialized with port 8080 (http)
2025-07-04T18:03:52.242+05:30  INFO 9792 --- [encrypt-decrypt-backend] [main] o.apache.catalina.core.StandardService   : Starting service [Tomcat]
2025-07-04T18:03:52.242+05:30  INFO 9792 --- [encrypt-decrypt-backend] [main] o.apache.catalina.core.StandardEngine    : Starting Servlet engine: [Apache Tomcat/10.1.39]
2025-07-04T18:03:52.441+05:30  INFO 9792 --- [encrypt-decrypt-backend] [main] o.a.c.c.C.[Tomcat].[localhost].[/]       : Initializing Spring embedded WebApplicationContext
2025-07-04T18:03:52.441+05:30  INFO 9792 --- [encrypt-decrypt-backend] [main] w.s.c.ServletWebServerApplicationContext : Root WebApplicationContext: initialization completed in 5999 ms
2025-07-04T18:03:52.544+05:30 ERROR 9792 --- [encrypt-decrypt-backend] [main] o.s.b.web.embedded.tomcat.TomcatStarter  : Error starting Tomcat context. Exception: org.springframework.beans.factory.UnsatisfiedDependencyException. Message: Error creating bean with name 'jwtAuthenticationFilter' defined in file [C:\Users\vinam\Downloads\echocrpyt python project (3) (1)\echocrpyt python project\encrypt-decrypt-backend\target\classes\com\vinamra\encrypt_decrypt_backend\config\JwtAuthenticationFilter.class]: Unsatisfied dependency expressed through constructor parameter 0: Error creating bean with name 'jwtUtils': Injection of autowired dependencies failed
2025-07-04T18:03:52.640+05:30  INFO 9792 --- [encrypt-decrypt-backend] [main] o.apache.catalina.core.StandardService   : Stopping service [Tomcat]
2025-07-04T18:03:52.689+05:30  WARN 9792 --- [encrypt-decrypt-backend] [main] ConfigServletWebServerApplicationContext : Exception encountered during context initialization - cancelling refresh attempt: org.springframework.context.ApplicationContextException: Unable to start web server
2025-07-04T18:03:52.720+05:30  INFO 9792 --- [encrypt-decrypt-backend] [main] .s.b.a.l.ConditionEvaluationReportLogger : 

Error starting ApplicationContext. To display the condition evaluation report re-run your application with 'debug' enabled.
2025-07-04T18:03:52.809+05:30 ERROR 9792 --- [encrypt-decrypt-backend] [main] o.s.boot.SpringApplication               : Application run failed

org.springframework.context.ApplicationContextException: Unable to start web server
	at org.springframework.boot.web.servlet.context.ServletWebServerApplicationContext.onRefresh(ServletWebServerApplicationContext.java:170) ~[spring-boot-3.4.4.jar:3.4.4]
	at org.springframework.context.support.AbstractApplicationContext.refresh(AbstractApplicationContext.java:621) ~[spring-context-6.2.5.jar:6.2.5]
	at org.springframework.boot.web.servlet.context.ServletWebServerApplicationContext.refresh(ServletWebServerApplicationContext.java:146) ~[spring-boot-3.4.4.jar:3.4.4]
	at org.springframework.boot.SpringApplication.refresh(SpringApplication.java:752) ~[spring-boot-3.4.4.jar:3.4.4]
	at org.springframework.boot.SpringApplication.refreshContext(SpringApplication.java:439) ~[spring-boot-3.4.4.jar:3.4.4]
	at org.springframework.boot.SpringApplication.run(SpringApplication.java:318) ~[spring-boot-3.4.4.jar:3.4.4]
	at org.springframework.boot.SpringApplication.run(SpringApplication.java:1361) ~[spring-boot-3.4.4.jar:3.4.4]
	at org.springframework.boot.SpringApplication.run(SpringApplication.java:1350) ~[spring-boot-3.4.4.jar:3.4.4]
	at com.vinamra.encrypt_decrypt_backend.EncryptDecryptBackendApplication.main(EncryptDecryptBackendApplication.java:12) ~[classes/:na]
Caused by: org.springframework.boot.web.server.WebServerException: Unable to start embedded Tomcat
	at org.springframework.boot.web.embedded.tomcat.TomcatWebServer.initialize(TomcatWebServer.java:147) ~[spring-boot-3.4.4.jar:3.4.4]
	at org.springframework.boot.web.embedded.tomcat.TomcatWebServer.<init>(TomcatWebServer.java:107) ~[spring-boot-3.4.4.jar:3.4.4]
	at org.springframework.boot.web.embedded.tomcat.TomcatServletWebServerFactory.getTomcatWebServer(TomcatServletWebServerFactory.java:517) ~[spring-boot-3.4.4.jar:3.4.4]
	at org.springframework.boot.web.embedded.tomcat.TomcatServletWebServerFactory.getWebServer(TomcatServletWebServerFactory.java:219) ~[spring-boot-3.4.4.jar:3.4.4]
	at org.springframework.boot.web.servlet.context.ServletWebServerApplicationContext.createWebServer(ServletWebServerApplicationContext.java:193) ~[spring-boot-3.4.4.jar:3.4.4]
	at org.springframework.boot.web.servlet.context.ServletWebServerApplicationContext.onRefresh(ServletWebServerApplicationContext.java:167) ~[spring-boot-3.4.4.jar:3.4.4]
	... 8 common frames omitted
Caused by: org.springframework.beans.factory.UnsatisfiedDependencyException: Error creating bean with name 'jwtAuthenticationFilter' defined in file [C:\Users\vinam\Downloads\echocrpyt python project (3) (1)\echocrpyt python project\encrypt-decrypt-backend\target\classes\com\vinamra\encrypt_decrypt_backend\config\JwtAuthenticationFilter.class]: Unsatisfied dependency expressed through constructor parameter 0: Error creating bean with name 'jwtUtils': Injection of autowired dependencies failed
	at org.springframework.beans.factory.support.ConstructorResolver.createArgumentArray(ConstructorResolver.java:804) ~[spring-beans-6.2.5.jar:6.2.5]
	at org.springframework.beans.factory.support.ConstructorResolver.autowireConstructor(ConstructorResolver.java:240) ~[spring-beans-6.2.5.jar:6.2.5]
	at org.springframework.beans.factory.support.AbstractAutowireCapableBeanFactory.autowireConstructor(AbstractAutowireCapableBeanFactory.java:1381) ~[spring-beans-6.2.5.jar:6.2.5]
	at org.springframework.beans.factory.support.AbstractAutowireCapableBeanFactory.createBeanInstance(AbstractAutowireCapableBeanFactory.java:1218) ~[spring-beans-6.2.5.jar:6.2.5]
	at org.springframework.beans.factory.support.AbstractAutowireCapableBeanFactory.doCreateBean(AbstractAutowireCapableBeanFactory.java:563) ~[spring-beans-6.2.5.jar:6.2.5]
	at org.springframework.beans.factory.support.AbstractAutowireCapableBeanFactory.createBean(AbstractAutowireCapableBeanFactory.java:523) ~[spring-beans-6.2.5.jar:6.2.5]
	at org.springframework.beans.factory.support.AbstractBeanFactory.lambda$doGetBean$0(AbstractBeanFactory.java:339) ~[spring-beans-6.2.5.jar:6.2.5]
	at org.springframework.beans.factory.support.DefaultSingletonBeanRegistry.getSingleton(DefaultSingletonBeanRegistry.java:347) ~[spring-beans-6.2.5.jar:6.2.5]
	at org.springframework.beans.factory.support.AbstractBeanFactory.doGetBean(AbstractBeanFactory.java:337) ~[spring-beans-6.2.5.jar:6.2.5]
	at org.springframework.beans.factory.support.AbstractBeanFactory.getBean(AbstractBeanFactory.java:207) ~[spring-beans-6.2.5.jar:6.2.5]
	at org.springframework.boot.web.servlet.ServletContextInitializerBeans.getOrderedBeansOfType(ServletContextInitializerBeans.java:211) ~[spring-boot-3.4.4.jar:3.4.4]
	at org.springframework.boot.web.servlet.ServletContextInitializerBeans.addAsRegistrationBean(ServletContextInitializerBeans.java:174) ~[spring-boot-3.4.4.jar:3.4.4]
	at org.springframework.boot.web.servlet.ServletContextInitializerBeans.addAsRegistrationBean(ServletContextInitializerBeans.java:169) ~[spring-boot-3.4.4.jar:3.4.4]
	at org.springframework.boot.web.servlet.ServletContextInitializerBeans.addAdaptableBeans(ServletContextInitializerBeans.java:154) ~[spring-boot-3.4.4.jar:3.4.4]
	at org.springframework.boot.web.servlet.ServletContextInitializerBeans.<init>(ServletContextInitializerBeans.java:87) ~[spring-boot-3.4.4.jar:3.4.4]
	at org.springframework.boot.web.servlet.context.ServletWebServerApplicationContext.getServletContextInitializerBeans(ServletWebServerApplicationContext.java:271) ~[spring-boot-3.4.4.jar:3.4.4]
	at org.springframework.boot.web.servlet.context.ServletWebServerApplicationContext.selfInitialize(ServletWebServerApplicationContext.java:245) ~[spring-boot-3.4.4.jar:3.4.4]
	at org.springframework.boot.web.embedded.tomcat.TomcatStarter.onStartup(TomcatStarter.java:52) ~[spring-boot-3.4.4.jar:3.4.4]
	at org.apache.catalina.core.StandardContext.startInternal(StandardContext.java:4467) ~[tomcat-embed-core-10.1.39.jar:10.1.39]
	at org.apache.catalina.util.LifecycleBase.start(LifecycleBase.java:164) ~[tomcat-embed-core-10.1.39.jar:10.1.39]
	at org.apache.catalina.core.ContainerBase$StartChild.call(ContainerBase.java:1203) ~[tomcat-embed-core-10.1.39.jar:10.1.39]
	at org.apache.catalina.core.ContainerBase$StartChild.call(ContainerBase.java:1193) ~[tomcat-embed-core-10.1.39.jar:10.1.39]
	at java.base/java.util.concurrent.FutureTask.run(FutureTask.java:317) ~[na:na]
	at org.apache.tomcat.util.threads.InlineExecutorService.execute(InlineExecutorService.java:75) ~[tomcat-embed-core-10.1.39.jar:10.1.39]
	at java.base/java.util.concurrent.AbstractExecutorService.submit(AbstractExecutorService.java:145) ~[na:na]
	at org.apache.catalina.core.ContainerBase.startInternal(ContainerBase.java:749) ~[tomcat-embed-core-10.1.39.jar:10.1.39]
	at org.apache.catalina.core.StandardHost.startInternal(StandardHost.java:772) ~[tomcat-embed-core-10.1.39.jar:10.1.39]
	at org.apache.catalina.util.LifecycleBase.start(LifecycleBase.java:164) ~[tomcat-embed-core-10.1.39.jar:10.1.39]
	at org.apache.catalina.core.ContainerBase$StartChild.call(ContainerBase.java:1203) ~[tomcat-embed-core-10.1.39.jar:10.1.39]
	at org.apache.catalina.core.ContainerBase$StartChild.call(ContainerBase.java:1193) ~[tomcat-embed-core-10.1.39.jar:10.1.39]
	at java.base/java.util.concurrent.FutureTask.run(FutureTask.java:317) ~[na:na]
	at org.apache.tomcat.util.threads.InlineExecutorService.execute(InlineExecutorService.java:75) ~[tomcat-embed-core-10.1.39.jar:10.1.39]
	at java.base/java.util.concurrent.AbstractExecutorService.submit(AbstractExecutorService.java:145) ~[na:na]
	at org.apache.catalina.core.ContainerBase.startInternal(ContainerBase.java:749) ~[tomcat-embed-core-10.1.39.jar:10.1.39]
	at org.apache.catalina.core.StandardEngine.startInternal(StandardEngine.java:203) ~[tomcat-embed-core-10.1.39.jar:10.1.39]
	at org.apache.catalina.util.LifecycleBase.start(LifecycleBase.java:164) ~[tomcat-embed-core-10.1.39.jar:10.1.39]
	at org.apache.catalina.core.StandardService.startInternal(StandardService.java:415) ~[tomcat-embed-core-10.1.39.jar:10.1.39]
	at org.apache.catalina.util.LifecycleBase.start(LifecycleBase.java:164) ~[tomcat-embed-core-10.1.39.jar:10.1.39]
	at org.apache.catalina.core.StandardServer.startInternal(StandardServer.java:870) ~[tomcat-embed-core-10.1.39.jar:10.1.39]
	at org.apache.catalina.util.LifecycleBase.start(LifecycleBase.java:164) ~[tomcat-embed-core-10.1.39.jar:10.1.39]
	at org.apache.catalina.startup.Tomcat.start(Tomcat.java:437) ~[tomcat-embed-core-10.1.39.jar:10.1.39]
	at org.springframework.boot.web.embedded.tomcat.TomcatWebServer.initialize(TomcatWebServer.java:128) ~[spring-boot-3.4.4.jar:3.4.4]
	... 13 common frames omitted
Caused by: org.springframework.beans.factory.BeanCreationException: Error creating bean with name 'jwtUtils': Injection of autowired dependencies failed
	at org.springframework.beans.factory.annotation.AutowiredAnnotationBeanPostProcessor.postProcessProperties(AutowiredAnnotationBeanPostProcessor.java:515) ~[spring-beans-6.2.5.jar:6.2.5]
	at org.springframework.beans.factory.support.AbstractAutowireCapableBeanFactory.populateBean(AbstractAutowireCapableBeanFactory.java:1445) ~[spring-beans-6.2.5.jar:6.2.5]
	at org.springframework.beans.factory.support.AbstractAutowireCapableBeanFactory.doCreateBean(AbstractAutowireCapableBeanFactory.java:600) ~[spring-beans-6.2.5.jar:6.2.5]
	at org.springframework.beans.factory.support.AbstractAutowireCapableBeanFactory.createBean(AbstractAutowireCapableBeanFactory.java:523) ~[spring-beans-6.2.5.jar:6.2.5]
	at org.springframework.beans.factory.support.AbstractBeanFactory.lambda$doGetBean$0(AbstractBeanFactory.java:339) ~[spring-beans-6.2.5.jar:6.2.5]
	at org.springframework.beans.factory.support.DefaultSingletonBeanRegistry.getSingleton(DefaultSingletonBeanRegistry.java:347) ~[spring-beans-6.2.5.jar:6.2.5]
	at org.springframework.beans.factory.support.AbstractBeanFactory.doGetBean(AbstractBeanFactory.java:337) ~[spring-beans-6.2.5.jar:6.2.5]
	at org.springframework.beans.factory.support.AbstractBeanFactory.getBean(AbstractBeanFactory.java:202) ~[spring-beans-6.2.5.jar:6.2.5]
	at org.springframework.beans.factory.support.DefaultListableBeanFactory.doResolveDependency(DefaultListableBeanFactory.java:1609) ~[spring-beans-6.2.5.jar:6.2.5]
	at org.springframework.beans.factory.support.DefaultListableBeanFactory.resolveDependency(DefaultListableBeanFactory.java:1555) ~[spring-beans-6.2.5.jar:6.2.5]
	at org.springframework.beans.factory.support.ConstructorResolver.resolveAutowiredArgument(ConstructorResolver.java:913) ~[spring-beans-6.2.5.jar:6.2.5]
	at org.springframework.beans.factory.support.ConstructorResolver.createArgumentArray(ConstructorResolver.java:791) ~[spring-beans-6.2.5.jar:6.2.5]
	... 54 common frames omitted
Caused by: org.springframework.util.PlaceholderResolutionException: Could not resolve placeholder 'jwt.jwtExpiration' in value "${jwt.jwtExpiration}"
	at org.springframework.util.PlaceholderResolutionException.withValue(PlaceholderResolutionException.java:81) ~[spring-core-6.2.5.jar:6.2.5]
	at org.springframework.util.PlaceholderParser$ParsedValue.resolve(PlaceholderParser.java:423) ~[spring-core-6.2.5.jar:6.2.5]
	at org.springframework.util.PlaceholderParser.replacePlaceholders(PlaceholderParser.java:128) ~[spring-core-6.2.5.jar:6.2.5]
	at org.springframework.util.PropertyPlaceholderHelper.parseStringValue(PropertyPlaceholderHelper.java:118) ~[spring-core-6.2.5.jar:6.2.5]
	at org.springframework.util.PropertyPlaceholderHelper.replacePlaceholders(PropertyPlaceholderHelper.java:114) ~[spring-core-6.2.5.jar:6.2.5]
	at org.springframework.core.env.AbstractPropertyResolver.doResolvePlaceholders(AbstractPropertyResolver.java:255) ~[spring-core-6.2.5.jar:6.2.5]
	at org.springframework.core.env.AbstractPropertyResolver.resolveRequiredPlaceholders(AbstractPropertyResolver.java:226) ~[spring-core-6.2.5.jar:6.2.5]
	at org.springframework.context.support.PropertySourcesPlaceholderConfigurer.lambda$processProperties$0(PropertySourcesPlaceholderConfigurer.java:201) ~[spring-context-6.2.5.jar:6.2.5]
	at org.springframework.beans.factory.support.AbstractBeanFactory.resolveEmbeddedValue(AbstractBeanFactory.java:971) ~[spring-beans-6.2.5.jar:6.2.5]
	at org.springframework.beans.factory.support.DefaultListableBeanFactory.doResolveDependency(DefaultListableBeanFactory.java:1577) ~[spring-beans-6.2.5.jar:6.2.5]
	at org.springframework.beans.factory.support.DefaultListableBeanFactory.resolveDependency(DefaultListableBeanFactory.java:1555) ~[spring-beans-6.2.5.jar:6.2.5]
	at org.springframework.beans.factory.annotation.AutowiredAnnotationBeanPostProcessor$AutowiredFieldElement.resolveFieldValue(AutowiredAnnotationBeanPostProcessor.java:785) ~[spring-beans-6.2.5.jar:6.2.5]
	at org.springframework.beans.factory.annotation.AutowiredAnnotationBeanPostProcessor$AutowiredFieldElement.inject(AutowiredAnnotationBeanPostProcessor.java:768) ~[spring-beans-6.2.5.jar:6.2.5]
	at org.springframework.beans.factory.annotation.InjectionMetadata.inject(InjectionMetadata.java:146) ~[spring-beans-6.2.5.jar:6.2.5]
	at org.springframework.beans.factory.annotation.AutowiredAnnotationBeanPostProcessor.postProcessProperties(AutowiredAnnotationBeanPostProcessor.java:509) ~[spring-beans-6.2.5.jar:6.2.5]
	... 65 common frames omitted

2025-07-04T18:06:50.413+05:30  INFO 20536 --- [encrypt-decrypt-backend] [main] c.v.e.EncryptDecryptBackendApplication   : Starting EncryptDecryptBackendApplication using Java 21.0.5 with PID 20536 (C:\Users\vinam\Downloads\echocrpyt python project (3) (1)\echocrpyt python project\encrypt-decrypt-backend\target\classes started by vinam in C:\Users\vinam\Downloads\echocrpyt python project (3) (1))
2025-07-04T18:06:50.423+05:30 DEBUG 20536 --- [encrypt-decrypt-backend] [main] c.v.e.EncryptDecryptBackendApplication   : Running with Spring Boot v3.4.4, Spring v6.2.5
2025-07-04T18:06:50.428+05:30  INFO 20536 --- [encrypt-decrypt-backend] [main] c.v.e.EncryptDecryptBackendApplication   : No active profile set, falling back to 1 default profile: "default"
2025-07-04T18:06:53.180+05:30  INFO 20536 --- [encrypt-decrypt-backend] [main] .s.d.r.c.RepositoryConfigurationDelegate : Bootstrapping Spring Data JPA repositories in DEFAULT mode.
2025-07-04T18:06:53.438+05:30  INFO 20536 --- [encrypt-decrypt-backend] [main] .s.d.r.c.RepositoryConfigurationDelegate : Finished Spring Data repository scanning in 184 ms. Found 2 JPA repository interfaces.
2025-07-04T18:06:55.432+05:30  INFO 20536 --- [encrypt-decrypt-backend] [main] o.s.b.w.embedded.tomcat.TomcatWebServer  : Tomcat initialized with port 8080 (http)
2025-07-04T18:06:55.543+05:30  INFO 20536 --- [encrypt-decrypt-backend] [main] o.apache.catalina.core.StandardService   : Starting service [Tomcat]
2025-07-04T18:06:55.543+05:30  INFO 20536 --- [encrypt-decrypt-backend] [main] o.apache.catalina.core.StandardEngine    : Starting Servlet engine: [Apache Tomcat/10.1.39]
2025-07-04T18:06:55.740+05:30  INFO 20536 --- [encrypt-decrypt-backend] [main] o.a.c.c.C.[Tomcat].[localhost].[/]       : Initializing Spring embedded WebApplicationContext
2025-07-04T18:06:55.742+05:30  INFO 20536 --- [encrypt-decrypt-backend] [main] w.s.c.ServletWebServerApplicationContext : Root WebApplicationContext: initialization completed in 5011 ms
2025-07-04T18:06:56.237+05:30  INFO 20536 --- [encrypt-decrypt-backend] [main] o.hibernate.jpa.internal.util.LogHelper  : HHH000204: Processing PersistenceUnitInfo [name: default]
2025-07-04T18:06:56.463+05:30  INFO 20536 --- [encrypt-decrypt-backend] [main] org.hibernate.Version                    : HHH000412: Hibernate ORM core version 6.6.11.Final
2025-07-04T18:06:56.622+05:30  INFO 20536 --- [encrypt-decrypt-backend] [main] o.h.c.internal.RegionFactoryInitiator    : HHH000026: Second-level cache disabled
2025-07-04T18:06:57.514+05:30  INFO 20536 --- [encrypt-decrypt-backend] [main] o.s.o.j.p.SpringPersistenceUnitInfo      : No LoadTimeWeaver setup: ignoring JPA class transformer
2025-07-04T18:06:57.616+05:30  INFO 20536 --- [encrypt-decrypt-backend] [main] com.zaxxer.hikari.HikariDataSource       : HikariPool-1 - Starting...
2025-07-04T18:06:58.272+05:30  INFO 20536 --- [encrypt-decrypt-backend] [main] com.zaxxer.hikari.pool.HikariPool        : HikariPool-1 - Added connection com.mysql.cj.jdbc.ConnectionImpl@59313495
2025-07-04T18:06:58.272+05:30  INFO 20536 --- [encrypt-decrypt-backend] [main] com.zaxxer.hikari.HikariDataSource       : HikariPool-1 - Start completed.
2025-07-04T18:06:58.598+05:30  WARN 20536 --- [encrypt-decrypt-backend] [main] org.hibernate.orm.deprecation            : HHH90000025: MySQL8Dialect does not need to be specified explicitly using 'hibernate.dialect' (remove the property setting and it will be selected by default)
2025-07-04T18:06:58.612+05:30  WARN 20536 --- [encrypt-decrypt-backend] [main] org.hibernate.orm.deprecation            : HHH90000026: MySQL8Dialect has been deprecated; use org.hibernate.dialect.MySQLDialect instead
2025-07-04T18:06:58.736+05:30  INFO 20536 --- [encrypt-decrypt-backend] [main] org.hibernate.orm.connections.pooling    : HHH10001005: Database info:
	Database JDBC URL [Connecting through datasource 'HikariDataSource (HikariPool-1)']
	Database driver: undefined/unknown
	Database version: 8.0
	Autocommit mode: undefined/unknown
	Isolation level: undefined/unknown
	Minimum pool size: undefined/unknown
	Maximum pool size: undefined/unknown
2025-07-04T18:07:01.218+05:30  INFO 20536 --- [encrypt-decrypt-backend] [main] o.h.e.t.j.p.i.JtaPlatformInitiator       : HHH000489: No JTA platform available (set 'hibernate.transaction.jta.platform' to enable JTA platform integration)
2025-07-04T18:07:01.372+05:30  INFO 20536 --- [encrypt-decrypt-backend] [main] j.LocalContainerEntityManagerFactoryBean : Initialized JPA EntityManagerFactory for persistence unit 'default'
2025-07-04T18:07:02.487+05:30 DEBUG 20536 --- [encrypt-decrypt-backend] [main] c.v.e.config.JwtAuthenticationFilter     : Filter 'jwtAuthenticationFilter' configured for use
2025-07-04T18:07:02.869+05:30  INFO 20536 --- [encrypt-decrypt-backend] [main] eAuthenticationProviderManagerConfigurer : Global AuthenticationManager configured with AuthenticationProvider bean with name daoAuthenticationProvider
2025-07-04T18:07:02.869+05:30  WARN 20536 --- [encrypt-decrypt-backend] [main] r$InitializeUserDetailsManagerConfigurer : Global AuthenticationManager configured with an AuthenticationProvider bean. UserDetailsService beans will not be used by Spring Security for automatically configuring username/password login. Consider removing the AuthenticationProvider bean. Alternatively, consider using the UserDetailsService in a manually instantiated DaoAuthenticationProvider. If the current configuration is intentional, to turn off this warning, increase the logging level of 'org.springframework.security.config.annotation.authentication.configuration.InitializeUserDetailsBeanManagerConfigurer' to ERROR
2025-07-04T18:07:03.086+05:30  INFO 20536 --- [encrypt-decrypt-backend] [main] c.v.e.s.impl.EncryptionServiceImpl       : Directories created or already exist.
2025-07-04T18:07:03.161+05:30  WARN 20536 --- [encrypt-decrypt-backend] [main] JpaBaseConfiguration$JpaWebConfiguration : spring.jpa.open-in-view is enabled by default. Therefore, database queries may be performed during view rendering. Explicitly configure spring.jpa.open-in-view to disable this warning
2025-07-04T18:07:05.229+05:30 DEBUG 20536 --- [encrypt-decrypt-backend] [main] o.s.s.web.DefaultSecurityFilterChain     : Will secure any request with filters: DisableEncodeUrlFilter, WebAsyncManagerIntegrationFilter, SecurityContextHolderFilter, HeaderWriterFilter, LogoutFilter, JwtAuthenticationFilter, RequestCacheAwareFilter, SecurityContextHolderAwareRequestFilter, AnonymousAuthenticationFilter, SessionManagementFilter, ExceptionTranslationFilter, AuthorizationFilter
2025-07-04T18:07:06.579+05:30  INFO 20536 --- [encrypt-decrypt-backend] [main] o.s.b.w.embedded.tomcat.TomcatWebServer  : Tomcat started on port 8080 (http) with context path '/'
2025-07-04T18:07:06.602+05:30  INFO 20536 --- [encrypt-decrypt-backend] [main] c.v.e.EncryptDecryptBackendApplication   : Started EncryptDecryptBackendApplication in 18.308 seconds (process running for 19.969)
2025-07-04T18:12:49.531+05:30  INFO 4696 --- [encrypt-decrypt-backend] [main] c.v.e.EncryptDecryptBackendApplication   : Starting EncryptDecryptBackendApplication using Java 21.0.5 with PID 4696 (C:\Users\vinam\Downloads\echocrpyt python project (3) (1)\echocrpyt python project\encrypt-decrypt-backend\target\classes started by vinam in C:\Users\vinam\Downloads\echocrpyt python project (3) (1))
2025-07-04T18:12:49.541+05:30 DEBUG 4696 --- [encrypt-decrypt-backend] [main] c.v.e.EncryptDecryptBackendApplication   : Running with Spring Boot v3.4.4, Spring v6.2.5
2025-07-04T18:12:49.545+05:30  INFO 4696 --- [encrypt-decrypt-backend] [main] c.v.e.EncryptDecryptBackendApplication   : No active profile set, falling back to 1 default profile: "default"
2025-07-04T18:13:01.025+05:30  INFO 21416 --- [encrypt-decrypt-backend] [main] c.v.e.EncryptDecryptBackendApplication   : Starting EncryptDecryptBackendApplication using Java 21.0.5 with PID 21416 (C:\Users\vinam\Downloads\echocrpyt python project (3) (1)\echocrpyt python project\encrypt-decrypt-backend\target\classes started by vinam in C:\Users\vinam\Downloads\echocrpyt python project (3) (1))
2025-07-04T18:13:01.031+05:30 DEBUG 21416 --- [encrypt-decrypt-backend] [main] c.v.e.EncryptDecryptBackendApplication   : Running with Spring Boot v3.4.4, Spring v6.2.5
2025-07-04T18:13:01.033+05:30  INFO 21416 --- [encrypt-decrypt-backend] [main] c.v.e.EncryptDecryptBackendApplication   : No active profile set, falling back to 1 default profile: "default"
2025-07-04T18:13:03.790+05:30  INFO 21416 --- [encrypt-decrypt-backend] [main] .s.d.r.c.RepositoryConfigurationDelegate : Bootstrapping Spring Data JPA repositories in DEFAULT mode.
2025-07-04T18:13:04.100+05:30  INFO 21416 --- [encrypt-decrypt-backend] [main] .s.d.r.c.RepositoryConfigurationDelegate : Finished Spring Data repository scanning in 240 ms. Found 2 JPA repository interfaces.
2025-07-04T18:13:07.039+05:30  INFO 21416 --- [encrypt-decrypt-backend] [main] o.s.b.w.embedded.tomcat.TomcatWebServer  : Tomcat initialized with port 8080 (http)
2025-07-04T18:13:07.124+05:30  INFO 21416 --- [encrypt-decrypt-backend] [main] o.apache.catalina.core.StandardService   : Starting service [Tomcat]
2025-07-04T18:13:07.130+05:30  INFO 21416 --- [encrypt-decrypt-backend] [main] o.apache.catalina.core.StandardEngine    : Starting Servlet engine: [Apache Tomcat/10.1.39]
2025-07-04T18:13:07.361+05:30  INFO 21416 --- [encrypt-decrypt-backend] [main] o.a.c.c.C.[Tomcat].[localhost].[/]       : Initializing Spring embedded WebApplicationContext
2025-07-04T18:13:07.363+05:30  INFO 21416 --- [encrypt-decrypt-backend] [main] w.s.c.ServletWebServerApplicationContext : Root WebApplicationContext: initialization completed in 6167 ms
2025-07-04T18:13:07.937+05:30  INFO 21416 --- [encrypt-decrypt-backend] [main] o.hibernate.jpa.internal.util.LogHelper  : HHH000204: Processing PersistenceUnitInfo [name: default]
2025-07-04T18:13:08.229+05:30  INFO 21416 --- [encrypt-decrypt-backend] [main] org.hibernate.Version                    : HHH000412: Hibernate ORM core version 6.6.11.Final
2025-07-04T18:13:08.388+05:30  INFO 21416 --- [encrypt-decrypt-backend] [main] o.h.c.internal.RegionFactoryInitiator    : HHH000026: Second-level cache disabled
2025-07-04T18:13:09.195+05:30  INFO 21416 --- [encrypt-decrypt-backend] [main] o.s.o.j.p.SpringPersistenceUnitInfo      : No LoadTimeWeaver setup: ignoring JPA class transformer
2025-07-04T18:13:09.357+05:30  INFO 21416 --- [encrypt-decrypt-backend] [main] com.zaxxer.hikari.HikariDataSource       : HikariPool-1 - Starting...
2025-07-04T18:13:09.909+05:30  INFO 21416 --- [encrypt-decrypt-backend] [main] com.zaxxer.hikari.pool.HikariPool        : HikariPool-1 - Added connection com.mysql.cj.jdbc.ConnectionImpl@5cffec7
2025-07-04T18:13:09.920+05:30  INFO 21416 --- [encrypt-decrypt-backend] [main] com.zaxxer.hikari.HikariDataSource       : HikariPool-1 - Start completed.
2025-07-04T18:13:10.150+05:30  WARN 21416 --- [encrypt-decrypt-backend] [main] org.hibernate.orm.deprecation            : HHH90000025: MySQL8Dialect does not need to be specified explicitly using 'hibernate.dialect' (remove the property setting and it will be selected by default)
2025-07-04T18:13:10.160+05:30  WARN 21416 --- [encrypt-decrypt-backend] [main] org.hibernate.orm.deprecation            : HHH90000026: MySQL8Dialect has been deprecated; use org.hibernate.dialect.MySQLDialect instead
2025-07-04T18:13:10.293+05:30  INFO 21416 --- [encrypt-decrypt-backend] [main] org.hibernate.orm.connections.pooling    : HHH10001005: Database info:
	Database JDBC URL [Connecting through datasource 'HikariDataSource (HikariPool-1)']
	Database driver: undefined/unknown
	Database version: 8.0
	Autocommit mode: undefined/unknown
	Isolation level: undefined/unknown
	Minimum pool size: undefined/unknown
	Maximum pool size: undefined/unknown
2025-07-04T18:13:12.413+05:30  INFO 21416 --- [encrypt-decrypt-backend] [main] o.h.e.t.j.p.i.JtaPlatformInitiator       : HHH000489: No JTA platform available (set 'hibernate.transaction.jta.platform' to enable JTA platform integration)
2025-07-04T18:13:12.593+05:30  INFO 21416 --- [encrypt-decrypt-backend] [main] j.LocalContainerEntityManagerFactoryBean : Initialized JPA EntityManagerFactory for persistence unit 'default'
2025-07-04T18:13:14.113+05:30 DEBUG 21416 --- [encrypt-decrypt-backend] [main] c.v.e.config.JwtAuthenticationFilter     : Filter 'jwtAuthenticationFilter' configured for use
2025-07-04T18:13:14.632+05:30  INFO 21416 --- [encrypt-decrypt-backend] [main] eAuthenticationProviderManagerConfigurer : Global AuthenticationManager configured with AuthenticationProvider bean with name daoAuthenticationProvider
2025-07-04T18:13:14.638+05:30  WARN 21416 --- [encrypt-decrypt-backend] [main] r$InitializeUserDetailsManagerConfigurer : Global AuthenticationManager configured with an AuthenticationProvider bean. UserDetailsService beans will not be used by Spring Security for automatically configuring username/password login. Consider removing the AuthenticationProvider bean. Alternatively, consider using the UserDetailsService in a manually instantiated DaoAuthenticationProvider. If the current configuration is intentional, to turn off this warning, increase the logging level of 'org.springframework.security.config.annotation.authentication.configuration.InitializeUserDetailsBeanManagerConfigurer' to ERROR
2025-07-04T18:13:15.080+05:30  INFO 21416 --- [encrypt-decrypt-backend] [main] c.v.e.s.impl.EncryptionServiceImpl       : Directories created or already exist.
2025-07-04T18:13:15.208+05:30  WARN 21416 --- [encrypt-decrypt-backend] [main] JpaBaseConfiguration$JpaWebConfiguration : spring.jpa.open-in-view is enabled by default. Therefore, database queries may be performed during view rendering. Explicitly configure spring.jpa.open-in-view to disable this warning
2025-07-04T18:13:16.864+05:30 DEBUG 21416 --- [encrypt-decrypt-backend] [main] o.s.s.web.DefaultSecurityFilterChain     : Will secure any request with filters: DisableEncodeUrlFilter, WebAsyncManagerIntegrationFilter, SecurityContextHolderFilter, HeaderWriterFilter, LogoutFilter, JwtAuthenticationFilter, RequestCacheAwareFilter, SecurityContextHolderAwareRequestFilter, AnonymousAuthenticationFilter, SessionManagementFilter, ExceptionTranslationFilter, AuthorizationFilter
2025-07-04T18:13:17.839+05:30  INFO 21416 --- [encrypt-decrypt-backend] [main] o.s.b.w.embedded.tomcat.TomcatWebServer  : Tomcat started on port 8080 (http) with context path '/'
2025-07-04T18:13:17.901+05:30  INFO 21416 --- [encrypt-decrypt-backend] [main] c.v.e.EncryptDecryptBackendApplication   : Started EncryptDecryptBackendApplication in 18.586 seconds (process running for 19.572)
